This file contains any messages produced by compilers while
running configure, to aid debugging if configure makes a mistake.

It was created by Octave-Forge image package configure 2.10.0, which was
generated by GNU Autoconf 2.69.  Invocation command line was

  $ ./configure CC=gcc
 CXX=g++
 AR=ar
 RANLIB=ranlib


## --------- ##
## Platform. ##
## --------- ##

hostname = varun-Aspire-A615-51G
uname -m = x86_64
uname -r = 5.0.0-23-generic
uname -s = Linux
uname -v = #24~18.04.1-Ubuntu SMP Mon Jul 29 16:12:28 UTC 2019

/usr/bin/uname -p = unknown
/bin/uname -X     = unknown

/bin/arch              = unknown
/usr/bin/arch -k       = unknown
/usr/convex/getsysinfo = unknown
/usr/bin/hostinfo      = unknown
/bin/machine           = unknown
/usr/bin/oslevel       = unknown
/bin/universe          = unknown

PATH: /usr/local/sbin
PATH: /usr/local/bin
PATH: /usr/sbin
PATH: /usr/bin
PATH: /sbin
PATH: /bin
PATH: /usr/games
PATH: /usr/local/games
PATH: /snap/bin
PATH: /usr/lib/x86_64-linux-gnu/octave/4.2.2/site/exec/x86_64-pc-linux-gnu
PATH: /usr/lib/x86_64-linux-gnu/octave/api-v51/site/exec/x86_64-pc-linux-gnu
PATH: /usr/lib/x86_64-linux-gnu/octave/site/exec/x86_64-pc-linux-gnu
PATH: /usr/lib/x86_64-linux-gnu/octave/4.2.2/exec/x86_64-pc-linux-gnu
PATH: /usr/bin


## ----------- ##
## Core tests. ##
## ----------- ##

configure:1750: checking for a sed that does not truncate output
configure:1814: result: /bin/sed
configure:1822: checking for octave
configure:1852: result: /usr/bin/octave
configure:1866: checking for mkoctfile
configure:1896: result: /usr/bin/mkoctfile
configure:2026: checking for C++ compiler version
configure:2035: g++ --version >&5
g++ (Ubuntu 7.4.0-1ubuntu1~18.04.1) 7.4.0
Copyright (C) 2017 Free Software Foundation, Inc.
This is free software; see the source for copying conditions.  There is NO
warranty; not even for MERCHANTABILITY or FITNESS FOR A PARTICULAR PURPOSE.

configure:2046: $? = 0
configure:2035: g++ -v >&5
Using built-in specs.
COLLECT_GCC=g++
COLLECT_LTO_WRAPPER=/usr/lib/gcc/x86_64-linux-gnu/7/lto-wrapper
OFFLOAD_TARGET_NAMES=nvptx-none
OFFLOAD_TARGET_DEFAULT=1
Target: x86_64-linux-gnu
Configured with: ../src/configure -v --with-pkgversion='Ubuntu 7.4.0-1ubuntu1~18.04.1' --with-bugurl=file:///usr/share/doc/gcc-7/README.Bugs --enable-languages=c,ada,c++,go,brig,d,fortran,objc,obj-c++ --prefix=/usr --with-gcc-major-version-only --program-suffix=-7 --program-prefix=x86_64-linux-gnu- --enable-shared --enable-linker-build-id --libexecdir=/usr/lib --without-included-gettext --enable-threads=posix --libdir=/usr/lib --enable-nls --with-sysroot=/ --enable-clocale=gnu --enable-libstdcxx-debug --enable-libstdcxx-time=yes --with-default-libstdcxx-abi=new --enable-gnu-unique-object --disable-vtable-verify --enable-libmpx --enable-plugin --enable-default-pie --with-system-zlib --with-target-system-zlib --enable-objc-gc=auto --enable-multiarch --disable-werror --with-arch-32=i686 --with-abi=m64 --with-multilib-list=m32,m64,mx32 --enable-multilib --with-tune=generic --enable-offload-targets=nvptx-none --without-cuda-driver --enable-checking=release --build=x86_64-linux-gnu --host=x86_64-linux-gnu --target=x86_64-linux-gnu
Thread model: posix
gcc version 7.4.0 (Ubuntu 7.4.0-1ubuntu1~18.04.1) 
configure:2046: $? = 0
configure:2035: g++ -V >&5
g++: error: unrecognized command line option '-V'
g++: fatal error: no input files
compilation terminated.
configure:2046: $? = 1
configure:2035: g++ -qversion >&5
g++: error: unrecognized command line option '-qversion'; did you mean '--version'?
g++: fatal error: no input files
compilation terminated.
configure:2046: $? = 1
configure:2066: checking whether the C++ compiler works
configure:2088: g++    conftest.cpp  >&5
configure:2092: $? = 0
configure:2140: result: yes
configure:2143: checking for C++ compiler default output file name
configure:2145: result: a.out
configure:2151: checking for suffix of executables
configure:2158: g++ -o conftest    conftest.cpp  >&5
configure:2162: $? = 0
configure:2184: result: 
configure:2206: checking whether we are cross compiling
configure:2214: g++ -o conftest    conftest.cpp  >&5
configure:2218: $? = 0
configure:2225: ./conftest
configure:2229: $? = 0
configure:2244: result: no
configure:2249: checking for suffix of object files
configure:2271: g++ -c   conftest.cpp >&5
configure:2275: $? = 0
configure:2296: result: o
configure:2300: checking whether we are using the GNU C++ compiler
configure:2319: g++ -c   conftest.cpp >&5
configure:2319: $? = 0
configure:2328: result: yes
configure:2337: checking whether g++ accepts -g
configure:2357: g++ -c -g  conftest.cpp >&5
configure:2357: $? = 0
configure:2398: result: yes
configure:2415: checking for g++ option to enable C++11 features
configure:2651: g++  -c -g -O2  conftest.cpp >&5
configure:2651: $? = 0
configure:2665: result: none needed
configure:2866: checking whether feval is in the octave namespace
configure:2882: g++ -c -g -O2 -I/usr/include/octave-4.2.2/octave  conftest.cpp >&5
conftest.cpp: In function 'int main()':
conftest.cpp:13:9: error: 'feval' is not a member of 'octave'
 octave::feval ("eye")
         ^~~~~
conftest.cpp:13:9: note: suggested alternative:
In file included from conftest.cpp:9:0:
/usr/include/octave-4.2.2/octave/parse.h:131:1: note:   'feval'
 feval (const octave_value_list& args, int nargout = 0);
 ^~~~~
configure:2882: $? = 1
configure: failed program was:
| /* confdefs.h */
| #define PACKAGE_NAME "Octave-Forge image package"
| #define PACKAGE_TARNAME "octave-forge-image-package"
| #define PACKAGE_VERSION "2.10.0"
| #define PACKAGE_STRING "Octave-Forge image package 2.10.0"
| #define PACKAGE_BUGREPORT ""
| #define PACKAGE_URL ""
| /* end confdefs.h.  */
| #include <parse.h>
| int
| main ()
| {
| octave::feval ("eye")
|   ;
|   return 0;
| }
configure:2889: result: no
configure:2908: checking whether octave value has Octave style is* methods
configure:2931: g++ -c -g -O2 -I/usr/include/octave-4.2.2/octave  conftest.cpp >&5
conftest.cpp: In function 'int main()':
conftest.cpp:15:40: error: 'class octave_value' has no member named 'iscomplex'
                        is_result = foo.iscomplex ();
                                        ^~~~~~~~~
conftest.cpp:16:40: error: 'class octave_value' has no member named 'isempty'; did you mean 'is_empty'?
                        is_result = foo.isempty ();
                                        ^~~~~~~
                                        is_empty
conftest.cpp:17:40: error: 'class octave_value' has no member named 'isfloat'
                        is_result = foo.isfloat ();
                                        ^~~~~~~
conftest.cpp:18:40: error: 'class octave_value' has no member named 'islogical'
                        is_result = foo.islogical ();
                                        ^~~~~~~~~
conftest.cpp:19:40: error: 'class octave_value' has no member named 'isnumeric'
                        is_result = foo.isnumeric ();
                                        ^~~~~~~~~
conftest.cpp:20:40: error: 'class octave_value' has no member named 'isreal'; did you mean 'real'?
                        is_result = foo.isreal ();
                                        ^~~~~~
                                        real
configure:2931: $? = 1
configure: failed program was:
| /* confdefs.h */
| #define PACKAGE_NAME "Octave-Forge image package"
| #define PACKAGE_TARNAME "octave-forge-image-package"
| #define PACKAGE_VERSION "2.10.0"
| #define PACKAGE_STRING "Octave-Forge image package 2.10.0"
| #define PACKAGE_BUGREPORT ""
| #define PACKAGE_URL ""
| /* end confdefs.h.  */
| #include <ov.h>
| int
| main ()
| {
| octave_value foo = octave_value ();
|                        bool is_result;
|                        is_result = foo.iscomplex ();
|                        is_result = foo.isempty ();
|                        is_result = foo.isfloat ();
|                        is_result = foo.islogical ();
|                        is_result = foo.isnumeric ();
|                        is_result = foo.isreal ();
|   ;
|   return 0;
| }
configure:2939: result: no
configure:2954: checking whether templated lambda functions accept '&const int'
configure:2977: g++ -c -g -O2  conftest.cpp >&5
configure:2977: $? = 0
configure:2985: result: yes
configure:3012: checking Octave core for function im2double
configure:3020: result: yes
configure:3024: checking Octave core for function ntsc2rgb
configure:3032: result: yes
configure:3036: checking Octave core for function rgb2gray
configure:3040: result: no
configure:3048: checking Octave core for function rgb2ntsc
configure:3056: result: yes
configure:3181: creating ./config.status

## ---------------------- ##
## Running config.status. ##
## ---------------------- ##

This file was extended by Octave-Forge image package config.status 2.10.0, which was
generated by GNU Autoconf 2.69.  Invocation command line was

  CONFIG_FILES    = 
  CONFIG_HEADERS  = 
  CONFIG_LINKS    = 
  CONFIG_COMMANDS = 
  $ ./config.status 

on varun-Aspire-A615-51G

config.status:798: creating Makefile
config.status:798: creating config.h

## ---------------- ##
## Cache variables. ##
## ---------------- ##

_cv_template_lambda_accepts_ref_const_inst=yes
ac_cv_cxx_compiler_gnu=yes
ac_cv_env_CCC_set=
ac_cv_env_CCC_value=
ac_cv_env_CPPFLAGS_set=
ac_cv_env_CPPFLAGS_value=
ac_cv_env_CXXFLAGS_set=
ac_cv_env_CXXFLAGS_value=
ac_cv_env_CXX_set=set
ac_cv_env_CXX_value=g++
ac_cv_env_LDFLAGS_set=
ac_cv_env_LDFLAGS_value=
ac_cv_env_LIBS_set=
ac_cv_env_LIBS_value=
ac_cv_env_build_alias_set=
ac_cv_env_build_alias_value=
ac_cv_env_host_alias_set=
ac_cv_env_host_alias_value=
ac_cv_env_target_alias_set=
ac_cv_env_target_alias_value=
ac_cv_objext=o
ac_cv_path_MKOCTFILE=/usr/bin/mkoctfile
ac_cv_path_OCTAVE=/usr/bin/octave
ac_cv_path_SED=/bin/sed
ac_cv_prog_cxx_cxx11=
ac_cv_prog_cxx_cxx98=
ac_cv_prog_cxx_g=yes
ac_cv_prog_cxx_stdcxx=
octave_image_cv_feval_in_octave_namespace=no
octave_image_cv_octave_style_is_functions=no

## ----------------- ##
## Output variables. ##
## ----------------- ##

CPPFLAGS=''
CXX='g++'
CXXFLAGS='-g -O2'
DEFS='-DHAVE_CONFIG_H'
ECHO_C=''
ECHO_N='-n'
ECHO_T=''
EXEEXT=''
LDFLAGS=''
LIBOBJS=''
LIBS=''
LTLIBOBJS=''
MKOCTFILE='/usr/bin/mkoctfile '
M_FILES=' rgb2gray.m'
OBJEXT='o'
OCTAVE='/usr/bin/octave'
PACKAGE_BUGREPORT=''
PACKAGE_NAME='Octave-Forge image package'
PACKAGE_STRING='Octave-Forge image package 2.10.0'
PACKAGE_TARNAME='octave-forge-image-package'
PACKAGE_URL=''
PACKAGE_VERSION='2.10.0'
PATH_SEPARATOR=':'
SED='/bin/sed'
SHELL='/bin/bash'
XTRA_CXXFLAGS='-Wall'
ac_ct_CXX=''
bindir='${exec_prefix}/bin'
build_alias=''
datadir='${datarootdir}'
datarootdir='${prefix}/share'
docdir='${datarootdir}/doc/${PACKAGE_TARNAME}'
dvidir='${docdir}'
exec_prefix='${prefix}'
host_alias=''
htmldir='${docdir}'
includedir='${prefix}/include'
infodir='${datarootdir}/info'
libdir='${exec_prefix}/lib'
libexecdir='${exec_prefix}/libexec'
localedir='${datarootdir}/locale'
localstatedir='${prefix}/var'
mandir='${datarootdir}/man'
oldincludedir='/usr/include'
pdfdir='${docdir}'
prefix='/usr/local'
program_transform_name='s,x,x,'
psdir='${docdir}'
runstatedir='${localstatedir}/run'
sbindir='${exec_prefix}/sbin'
sharedstatedir='${prefix}/com'
sysconfdir='${prefix}/etc'
target_alias=''

## ----------- ##
## confdefs.h. ##
## ----------- ##

/* confdefs.h */
#define PACKAGE_NAME "Octave-Forge image package"
#define PACKAGE_TARNAME "octave-forge-image-package"
#define PACKAGE_VERSION "2.10.0"
#define PACKAGE_STRING "Octave-Forge image package 2.10.0"
#define PACKAGE_BUGREPORT ""
#define PACKAGE_URL ""

configure: exit 0
